<?xml version="1.0" encoding="UTF-8"?>
<!-- Generated by org.testng.reporters.JUnitReportReporter -->
<testsuite hostname="Aachals-Laptop" failures="0" tests="12" name="com.Test.DDDTest" time="103.973" errors="1" timestamp="2023-09-05T21:57:13 IST" skipped="0">
  <testcase classname="com.Test.DDDTest" name="validateRegisterPage" time="7.863"/>
  <system-out/>
  <testcase classname="com.Test.DDDTest" name="validateInforamation" time="6.382"/>
  <system-out/>
  <testcase classname="com.Test.DDDTest" name="validateInforamation" time="6.737"/>
  <system-out/>
  <testcase classname="com.Test.DDDTest" name="validateInforamation" time="6.406"/>
  <system-out/>
  <testcase classname="com.Test.DDDTest" name="validateInforamation" time="6.612"/>
  <system-out/>
  <testcase classname="com.Test.DDDTest" name="validateInforamation" time="6.606"/>
  <system-out/>
  <testcase classname="com.Test.DDDTest" name="validateInforamation" time="6.358"/>
  <system-out/>
  <testcase classname="com.Test.DDDTest" name="validateInforamation" time="6.491"/>
  <system-out/>
  <testcase classname="com.Test.DDDTest" name="validateInforamation" time="6.432"/>
  <system-out/>
  <testcase classname="com.Test.DDDTest" name="validateInforamation" time="6.592"/>
  <system-out/>
  <testcase classname="com.Test.DDDTest" name="validateInforamation" time="7.185"/>
  <system-out/>
  <testcase classname="com.Test.DDDTest" name="validateInforamation" time="30.309">
    <error message="Cannot locate option with text: country
For documentation on this error, please visit: https://www.selenium.dev/documentation/webdriver/troubleshooting/errors#no-such-element-exception
Build info: version: &#039;4.10.0&#039;, revision: &#039;c14d967899&#039;
System info: os.name: &#039;Windows 11&#039;, os.arch: &#039;amd64&#039;, os.version: &#039;10.0&#039;, java.version: &#039;20.0.1&#039;
Driver info: driver.version: unknown" type="org.openqa.selenium.NoSuchElementException">
      <![CDATA[org.openqa.selenium.NoSuchElementException: Cannot locate option with text: country
For documentation on this error, please visit: https://www.selenium.dev/documentation/webdriver/troubleshooting/errors#no-such-element-exception
Build info: version: '4.10.0', revision: 'c14d967899'
System info: os.name: 'Windows 11', os.arch: 'amd64', os.version: '10.0', java.version: '20.0.1'
Driver info: driver.version: unknown
at org.openqa.selenium.support.ui.Select.selectByVisibleText(Select.java:153)
at com.Test.DDDTest.validateInforamation(DDDTest.java:43)
at java.base/jdk.internal.reflect.DirectMethodHandleAccessor.invoke(DirectMethodHandleAccessor.java:104)
at java.base/java.lang.reflect.Method.invoke(Method.java:578)
at org.testng.internal.invokers.MethodInvocationHelper.invokeMethod(MethodInvocationHelper.java:139)
at org.testng.internal.invokers.TestInvoker.invokeMethod(TestInvoker.java:677)
at org.testng.internal.invokers.TestInvoker.invokeTestMethod(TestInvoker.java:221)
at org.testng.internal.invokers.MethodRunner.runInSequence(MethodRunner.java:50)
at org.testng.internal.invokers.TestInvoker$MethodInvocationAgent.invoke(TestInvoker.java:969)
at org.testng.internal.invokers.TestInvoker.invokeTestMethods(TestInvoker.java:194)
at org.testng.internal.invokers.TestMethodWorker.invokeTestMethods(TestMethodWorker.java:148)
at org.testng.internal.invokers.TestMethodWorker.run(TestMethodWorker.java:128)
at java.base/java.util.ArrayList.forEach(ArrayList.java:1511)
at org.testng.TestRunner.privateRun(TestRunner.java:829)
at org.testng.TestRunner.run(TestRunner.java:602)
at org.testng.SuiteRunner.runTest(SuiteRunner.java:437)
at org.testng.SuiteRunner.runSequentially(SuiteRunner.java:431)
at org.testng.SuiteRunner.privateRun(SuiteRunner.java:391)
at org.testng.SuiteRunner.run(SuiteRunner.java:330)
at org.testng.SuiteRunnerWorker.runSuite(SuiteRunnerWorker.java:52)
at org.testng.SuiteRunnerWorker.run(SuiteRunnerWorker.java:95)
at org.testng.TestNG.runSuitesSequentially(TestNG.java:1256)
at org.testng.TestNG.runSuitesLocally(TestNG.java:1176)
at org.testng.TestNG.runSuites(TestNG.java:1099)
at org.testng.TestNG.run(TestNG.java:1067)
at org.testng.remote.AbstractRemoteTestNG.run(AbstractRemoteTestNG.java:115)
at org.testng.remote.RemoteTestNG.initAndRun(RemoteTestNG.java:251)
at org.testng.remote.RemoteTestNG.main(RemoteTestNG.java:77)
]]>
    </error>
  </testcase> <!-- validateInforamation -->
  <system-out/>
</testsuite> <!-- com.Test.DDDTest -->
